<?xml version="1.0" encoding="UTF-8"?>
<coverage generated="1726614716917" clover="3.2.0">
  <project timestamp="1726614716917" name="All files">
    <metrics statements="44" coveredstatements="44" conditionals="34" coveredconditionals="34" methods="12" coveredmethods="12" elements="90" coveredelements="90" complexity="0" loc="44" ncloc="44" packages="3" files="3" classes="3"/>
    <package name="src">
      <metrics statements="8" coveredstatements="8" conditionals="4" coveredconditionals="4" methods="4" coveredmethods="4"/>
      <file name="functions.js" path="C:\Users\dinah\OneDrive\Desktop\movie-challenge\src\functions.js">
        <metrics statements="8" coveredstatements="8" conditionals="4" coveredconditionals="4" methods="4" coveredmethods="4"/>
        <line num="3" count="2" type="stmt"/>
        <line num="4" count="12" type="cond" truecount="2" falsecount="0"/>
        <line num="5" count="6" type="stmt"/>
        <line num="7" count="6" type="stmt"/>
        <line num="15" count="3" type="cond" truecount="2" falsecount="0"/>
        <line num="16" count="1" type="stmt"/>
        <line num="18" count="2" type="stmt"/>
        <line num="19" count="8" type="stmt"/>
      </file>
    </package>
    <package name="xx.json-schema-traverse">
      <metrics statements="28" coveredstatements="28" conditionals="30" coveredconditionals="30" methods="5" coveredmethods="5"/>
      <file name="index.js" path="C:\Users\dinah\OneDrive\Desktop\movie-challenge\xx\json-schema-traverse\index.js">
        <metrics statements="28" coveredstatements="28" conditionals="30" coveredconditionals="30" methods="5" coveredmethods="5"/>
        <line num="3" count="1" type="stmt"/>
        <line num="5" count="10" type="cond" truecount="2" falsecount="0"/>
        <line num="6" count="1" type="stmt"/>
        <line num="7" count="1" type="stmt"/>
        <line num="10" count="10" type="cond" truecount="2" falsecount="0"/>
        <line num="11" count="10" type="cond" truecount="4" falsecount="0"/>
        <line num="12" count="10" type="cond" truecount="2" falsecount="0"/>
        <line num="14" count="10" type="stmt"/>
        <line num="18" count="1" type="stmt"/>
        <line num="30" count="1" type="stmt"/>
        <line num="37" count="1" type="stmt"/>
        <line num="45" count="1" type="stmt"/>
        <line num="68" count="487" type="cond" truecount="5" falsecount="0"/>
        <line num="69" count="353" type="stmt"/>
        <line num="70" count="353" type="stmt"/>
        <line num="71" count="600" type="stmt"/>
        <line num="72" count="600" type="cond" truecount="2" falsecount="0"/>
        <line num="73" count="83" type="cond" truecount="2" falsecount="0"/>
        <line num="74" count="78" type="stmt"/>
        <line num="75" count="159" type="stmt"/>
        <line num="77" count="517" type="cond" truecount="2" falsecount="0"/>
        <line num="78" count="84" type="cond" truecount="4" falsecount="0"/>
        <line num="79" count="83" type="stmt"/>
        <line num="80" count="164" type="stmt"/>
        <line num="82" count="433" type="cond" truecount="5" falsecount="0"/>
        <line num="83" count="154" type="stmt"/>
        <line num="86" count="353" type="stmt"/>
        <line num="92" count="164" type="stmt"/>
      </file>
    </package>
    <package name="xx.json-schema-traverse.spec.fixtures">
      <metrics statements="8" coveredstatements="8" conditionals="0" coveredconditionals="0" methods="3" coveredmethods="3"/>
      <file name="schema.js" path="C:\Users\dinah\OneDrive\Desktop\movie-challenge\xx\json-schema-traverse\spec\fixtures\schema.js">
        <metrics statements="8" coveredstatements="8" conditionals="0" coveredconditionals="0" methods="3" coveredmethods="3"/>
        <line num="3" count="1" type="stmt"/>
        <line num="49" count="22" type="stmt"/>
        <line num="58" count="22" type="stmt"/>
        <line num="59" count="22" type="stmt"/>
        <line num="60" count="22" type="stmt"/>
        <line num="64" count="1" type="stmt"/>
        <line num="107" count="6" type="stmt"/>
        <line num="118" count="14" type="stmt"/>
      </file>
    </package>
  </project>
</coverage>
