<?xml version="1.0" encoding="UTF-8"?>
<coverage generated="1726122472347" clover="3.2.0">
  <project timestamp="1726122472348" name="All files">
    <metrics statements="29" coveredstatements="28" conditionals="6" coveredconditionals="6" methods="10" coveredmethods="9" elements="45" coveredelements="43" complexity="0" loc="29" ncloc="29" packages="2" files="3" classes="3"/>
    <package name="src">
      <metrics statements="29" coveredstatements="28" conditionals="6" coveredconditionals="6" methods="10" coveredmethods="9"/>
      <file name="functions.js" path="C:\Users\dinah\OneDrive\Desktop\movie-challenge\src\functions.js">
        <metrics statements="8" coveredstatements="8" conditionals="4" coveredconditionals="4" methods="4" coveredmethods="4"/>
        <line num="3" count="2" type="stmt"/>
        <line num="4" count="117" type="cond" truecount="2" falsecount="0"/>
        <line num="5" count="58" type="stmt"/>
        <line num="7" count="59" type="stmt"/>
        <line num="15" count="2" type="cond" truecount="2" falsecount="0"/>
        <line num="16" count="1" type="stmt"/>
        <line num="18" count="1" type="stmt"/>
        <line num="19" count="20" type="stmt"/>
      </file>
      <file name="view.js" path="C:\Users\dinah\OneDrive\Desktop\movie-challenge\src\view.js">
        <metrics statements="21" coveredstatements="20" conditionals="2" coveredconditionals="2" methods="6" coveredmethods="5"/>
        <line num="3" count="21" type="stmt"/>
        <line num="4" count="21" type="stmt"/>
        <line num="5" count="21" type="stmt"/>
        <line num="7" count="21" type="stmt"/>
        <line num="14" count="21" type="stmt"/>
        <line num="15" count="0" type="stmt"/>
        <line num="18" count="21" type="stmt"/>
        <line num="23" count="1" type="stmt"/>
        <line num="25" count="1" type="stmt"/>
        <line num="26" count="20" type="stmt"/>
        <line num="27" count="20" type="stmt"/>
        <line num="34" count="2" type="stmt"/>
        <line num="35" count="2" type="cond" truecount="2" falsecount="0"/>
        <line num="36" count="1" type="stmt"/>
        <line num="39" count="2" type="stmt"/>
        <line num="40" count="2" type="stmt"/>
        <line num="41" count="2" type="stmt"/>
        <line num="52" count="2" type="stmt"/>
        <line num="55" count="2" type="stmt"/>
        <line num="56" count="1" type="stmt"/>
        <line num="59" count="2" type="stmt"/>
      </file>
    </package>
    <package name="src.data">
      <metrics statements="0" coveredstatements="0" conditionals="0" coveredconditionals="0" methods="0" coveredmethods="0"/>
      <file name="dataset.js" path="C:\Users\dinah\OneDrive\Desktop\movie-challenge\src\data\dataset.js">
        <metrics statements="0" coveredstatements="0" conditionals="0" coveredconditionals="0" methods="0" coveredmethods="0"/>
      </file>
    </package>
  </project>
</coverage>
