{"C:\\Users\\dinah\\OneDrive\\Desktop\\movie-challenge\\src\\functions.js": {"path":"C:\\Users\\dinah\\OneDrive\\Desktop\\movie-challenge\\src\\functions.js","statementMap":{"0":{"start":{"line":3,"column":2},"end":{"line":9,"column":5}},"1":{"start":{"line":4,"column":4},"end":{"line":8,"column":5}},"2":{"start":{"line":5,"column":6},"end":{"line":5,"column":44}},"3":{"start":{"line":7,"column":6},"end":{"line":7,"column":44}},"4":{"start":{"line":15,"column":2},"end":{"line":17,"column":3}},"5":{"start":{"line":16,"column":4},"end":{"line":16,"column":18}},"6":{"start":{"line":18,"column":2},"end":{"line":20,"column":4}},"7":{"start":{"line":19,"column":15},"end":{"line":19,"column":76}}},"fnMap":{"0":{"name":"sortMovies","decl":{"start":{"line":2,"column":16},"end":{"line":2,"column":26}},"loc":{"start":{"line":2,"column":42},"end":{"line":10,"column":1}},"line":2},"1":{"name":"(anonymous_1)","decl":{"start":{"line":3,"column":29},"end":{"line":3,"column":30}},"loc":{"start":{"line":3,"column":39},"end":{"line":9,"column":3}},"line":3},"2":{"name":"filterMoviesByYear","decl":{"start":{"line":14,"column":16},"end":{"line":14,"column":34}},"loc":{"start":{"line":14,"column":49},"end":{"line":21,"column":1}},"line":14},"3":{"name":"(anonymous_3)","decl":{"start":{"line":19,"column":4},"end":{"line":19,"column":5}},"loc":{"start":{"line":19,"column":15},"end":{"line":19,"column":76}},"line":19}},"branchMap":{"0":{"loc":{"start":{"line":4,"column":4},"end":{"line":8,"column":5}},"type":"if","locations":[{"start":{"line":4,"column":4},"end":{"line":8,"column":5}},{"start":{"line":6,"column":11},"end":{"line":8,"column":5}}],"line":4},"1":{"loc":{"start":{"line":15,"column":2},"end":{"line":17,"column":3}},"type":"if","locations":[{"start":{"line":15,"column":2},"end":{"line":17,"column":3}},{"start":{},"end":{}}],"line":15}},"s":{"0":2,"1":12,"2":6,"3":6,"4":3,"5":1,"6":2,"7":8},"f":{"0":2,"1":12,"2":3,"3":8},"b":{"0":[6,6],"1":[1,2]},"_coverageSchema":"1a1c01bbd47fc00a2c39e90264f33305004495a9","hash":"b01b5ee7f060c504e6c7b8f2bd67fcb927f7d2b8"}
,"C:\\Users\\dinah\\OneDrive\\Desktop\\movie-challenge\\xx\\json-schema-traverse\\index.js": {"path":"C:\\Users\\dinah\\OneDrive\\Desktop\\movie-challenge\\xx\\json-schema-traverse\\index.js","statementMap":{"0":{"start":{"line":3,"column":15},"end":{"line":15,"column":1}},"1":{"start":{"line":5,"column":2},"end":{"line":8,"column":3}},"2":{"start":{"line":6,"column":4},"end":{"line":6,"column":14}},"3":{"start":{"line":7,"column":4},"end":{"line":7,"column":14}},"4":{"start":{"line":10,"column":2},"end":{"line":10,"column":21}},"5":{"start":{"line":11,"column":12},"end":{"line":11,"column":68}},"6":{"start":{"line":12,"column":13},"end":{"line":12,"column":37}},"7":{"start":{"line":14,"column":2},"end":{"line":14,"column":49}},"8":{"start":{"line":18,"column":0},"end":{"line":28,"column":2}},"9":{"start":{"line":30,"column":0},"end":{"line":35,"column":2}},"10":{"start":{"line":37,"column":0},"end":{"line":43,"column":2}},"11":{"start":{"line":45,"column":0},"end":{"line":64,"column":2}},"12":{"start":{"line":68,"column":2},"end":{"line":87,"column":3}},"13":{"start":{"line":69,"column":4},"end":{"line":69,"column":91}},"14":{"start":{"line":70,"column":4},"end":{"line":85,"column":5}},"15":{"start":{"line":71,"column":16},"end":{"line":71,"column":27}},"16":{"start":{"line":72,"column":6},"end":{"line":84,"column":7}},"17":{"start":{"line":73,"column":8},"end":{"line":76,"column":9}},"18":{"start":{"line":74,"column":10},"end":{"line":75,"column":115}},"19":{"start":{"line":74,"column":21},"end":{"line":74,"column":22}},"20":{"start":{"line":75,"column":12},"end":{"line":75,"column":115}},"21":{"start":{"line":77,"column":13},"end":{"line":84,"column":7}},"22":{"start":{"line":78,"column":8},"end":{"line":81,"column":9}},"23":{"start":{"line":79,"column":10},"end":{"line":80,"column":139}},"24":{"start":{"line":80,"column":12},"end":{"line":80,"column":139}},"25":{"start":{"line":82,"column":13},"end":{"line":84,"column":7}},"26":{"start":{"line":83,"column":8},"end":{"line":83,"column":95}},"27":{"start":{"line":86,"column":4},"end":{"line":86,"column":92}},"28":{"start":{"line":92,"column":2},"end":{"line":92,"column":54}}},"fnMap":{"0":{"name":"(anonymous_0)","decl":{"start":{"line":3,"column":32},"end":{"line":3,"column":33}},"loc":{"start":{"line":3,"column":60},"end":{"line":15,"column":1}},"line":3},"1":{"name":"(anonymous_1)","decl":{"start":{"line":11,"column":55},"end":{"line":11,"column":56}},"loc":{"start":{"line":11,"column":66},"end":{"line":11,"column":68}},"line":11},"2":{"name":"(anonymous_2)","decl":{"start":{"line":12,"column":24},"end":{"line":12,"column":25}},"loc":{"start":{"line":12,"column":35},"end":{"line":12,"column":37}},"line":12},"3":{"name":"_traverse","decl":{"start":{"line":67,"column":9},"end":{"line":67,"column":18}},"loc":{"start":{"line":67,"column":119},"end":{"line":88,"column":1}},"line":67},"4":{"name":"escapeJsonPtr","decl":{"start":{"line":91,"column":9},"end":{"line":91,"column":22}},"loc":{"start":{"line":91,"column":28},"end":{"line":93,"column":1}},"line":91}},"branchMap":{"0":{"loc":{"start":{"line":5,"column":2},"end":{"line":8,"column":3}},"type":"if","locations":[{"start":{"line":5,"column":2},"end":{"line":8,"column":3}},{"start":{},"end":{}}],"line":5},"1":{"loc":{"start":{"line":10,"column":7},"end":{"line":10,"column":20}},"type":"binary-expr","locations":[{"start":{"line":10,"column":7},"end":{"line":10,"column":14}},{"start":{"line":10,"column":18},"end":{"line":10,"column":20}}],"line":10},"2":{"loc":{"start":{"line":11,"column":12},"end":{"line":11,"column":68}},"type":"cond-expr","locations":[{"start":{"line":11,"column":40},"end":{"line":11,"column":42}},{"start":{"line":11,"column":45},"end":{"line":11,"column":68}}],"line":11},"3":{"loc":{"start":{"line":11,"column":45},"end":{"line":11,"column":68}},"type":"binary-expr","locations":[{"start":{"line":11,"column":45},"end":{"line":11,"column":51}},{"start":{"line":11,"column":55},"end":{"line":11,"column":68}}],"line":11},"4":{"loc":{"start":{"line":12,"column":13},"end":{"line":12,"column":37}},"type":"binary-expr","locations":[{"start":{"line":12,"column":13},"end":{"line":12,"column":20}},{"start":{"line":12,"column":24},"end":{"line":12,"column":37}}],"line":12},"5":{"loc":{"start":{"line":68,"column":2},"end":{"line":87,"column":3}},"type":"if","locations":[{"start":{"line":68,"column":2},"end":{"line":87,"column":3}},{"start":{},"end":{}}],"line":68},"6":{"loc":{"start":{"line":68,"column":6},"end":{"line":68,"column":67}},"type":"binary-expr","locations":[{"start":{"line":68,"column":6},"end":{"line":68,"column":12}},{"start":{"line":68,"column":16},"end":{"line":68,"column":41}},{"start":{"line":68,"column":45},"end":{"line":68,"column":67}}],"line":68},"7":{"loc":{"start":{"line":72,"column":6},"end":{"line":84,"column":7}},"type":"if","locations":[{"start":{"line":72,"column":6},"end":{"line":84,"column":7}},{"start":{"line":77,"column":13},"end":{"line":84,"column":7}}],"line":72},"8":{"loc":{"start":{"line":73,"column":8},"end":{"line":76,"column":9}},"type":"if","locations":[{"start":{"line":73,"column":8},"end":{"line":76,"column":9}},{"start":{},"end":{}}],"line":73},"9":{"loc":{"start":{"line":77,"column":13},"end":{"line":84,"column":7}},"type":"if","locations":[{"start":{"line":77,"column":13},"end":{"line":84,"column":7}},{"start":{"line":82,"column":13},"end":{"line":84,"column":7}}],"line":77},"10":{"loc":{"start":{"line":78,"column":8},"end":{"line":81,"column":9}},"type":"if","locations":[{"start":{"line":78,"column":8},"end":{"line":81,"column":9}},{"start":{},"end":{}}],"line":78},"11":{"loc":{"start":{"line":78,"column":12},"end":{"line":78,"column":41}},"type":"binary-expr","locations":[{"start":{"line":78,"column":12},"end":{"line":78,"column":15}},{"start":{"line":78,"column":19},"end":{"line":78,"column":41}}],"line":78},"12":{"loc":{"start":{"line":82,"column":13},"end":{"line":84,"column":7}},"type":"if","locations":[{"start":{"line":82,"column":13},"end":{"line":84,"column":7}},{"start":{},"end":{}}],"line":82},"13":{"loc":{"start":{"line":82,"column":17},"end":{"line":82,"column":94}},"type":"binary-expr","locations":[{"start":{"line":82,"column":17},"end":{"line":82,"column":41}},{"start":{"line":82,"column":46},"end":{"line":82,"column":58}},{"start":{"line":82,"column":62},"end":{"line":82,"column":93}}],"line":82}},"s":{"0":1,"1":10,"2":1,"3":1,"4":10,"5":10,"6":10,"7":10,"8":1,"9":1,"10":1,"11":1,"12":487,"13":353,"14":353,"15":600,"16":600,"17":83,"18":78,"19":78,"20":159,"21":517,"22":84,"23":83,"24":164,"25":433,"26":154,"27":353,"28":164},"f":{"0":10,"1":3,"2":347,"3":487,"4":164},"b":{"0":[1,9],"1":[10,2],"2":[7,3],"3":[3,1],"4":[10,8],"5":[353,134],"6":[487,355,353],"7":[83,517],"8":[78,5],"9":[84,433],"10":[83,1],"11":[84,84],"12":[154,279],"13":[433,283,8]},"_coverageSchema":"1a1c01bbd47fc00a2c39e90264f33305004495a9","hash":"70e5e12de5c2b1159ebdd44faadd80f78785ba8b"}
,"C:\\Users\\dinah\\OneDrive\\Desktop\\movie-challenge\\xx\\json-schema-traverse\\spec\\fixtures\\schema.js": {"path":"C:\\Users\\dinah\\OneDrive\\Desktop\\movie-challenge\\xx\\json-schema-traverse\\spec\\fixtures\\schema.js","statementMap":{"0":{"start":{"line":3,"column":13},"end":{"line":45,"column":1}},"1":{"start":{"line":49,"column":12},"end":{"line":57,"column":3}},"2":{"start":{"line":58,"column":2},"end":{"line":58,"column":52}},"3":{"start":{"line":59,"column":2},"end":{"line":59,"column":52}},"4":{"start":{"line":60,"column":2},"end":{"line":60,"column":13}},"5":{"start":{"line":64,"column":0},"end":{"line":103,"column":2}},"6":{"start":{"line":107,"column":2},"end":{"line":113,"column":4}},"7":{"start":{"line":118,"column":2},"end":{"line":124,"column":4}}},"fnMap":{"0":{"name":"subschema","decl":{"start":{"line":48,"column":9},"end":{"line":48,"column":18}},"loc":{"start":{"line":48,"column":28},"end":{"line":61,"column":1}},"line":48},"1":{"name":"expectedCalls","decl":{"start":{"line":106,"column":9},"end":{"line":106,"column":22}},"loc":{"start":{"line":106,"column":32},"end":{"line":114,"column":1}},"line":106},"2":{"name":"expectedCallsChild","decl":{"start":{"line":117,"column":9},"end":{"line":117,"column":27}},"loc":{"start":{"line":117,"column":40},"end":{"line":125,"column":1}},"line":117}},"branchMap":{},"s":{"0":1,"1":22,"2":22,"3":22,"4":22,"5":1,"6":6,"7":14},"f":{"0":22,"1":6,"2":14},"b":{},"_coverageSchema":"1a1c01bbd47fc00a2c39e90264f33305004495a9","hash":"40e3220c585f25d5d8051c56d6059e06499fde4f"}
}
