{"C:\\Users\\dinah\\OneDrive\\Desktop\\movie-challenge\\src\\functions.js": {"path":"C:\\Users\\dinah\\OneDrive\\Desktop\\movie-challenge\\src\\functions.js","statementMap":{"0":{"start":{"line":3,"column":2},"end":{"line":9,"column":5}},"1":{"start":{"line":4,"column":4},"end":{"line":8,"column":5}},"2":{"start":{"line":5,"column":6},"end":{"line":5,"column":44}},"3":{"start":{"line":7,"column":6},"end":{"line":7,"column":44}},"4":{"start":{"line":15,"column":2},"end":{"line":17,"column":3}},"5":{"start":{"line":16,"column":4},"end":{"line":16,"column":18}},"6":{"start":{"line":18,"column":2},"end":{"line":20,"column":4}},"7":{"start":{"line":19,"column":15},"end":{"line":19,"column":76}}},"fnMap":{"0":{"name":"sortMovies","decl":{"start":{"line":2,"column":16},"end":{"line":2,"column":26}},"loc":{"start":{"line":2,"column":42},"end":{"line":10,"column":1}},"line":2},"1":{"name":"(anonymous_1)","decl":{"start":{"line":3,"column":29},"end":{"line":3,"column":30}},"loc":{"start":{"line":3,"column":39},"end":{"line":9,"column":3}},"line":3},"2":{"name":"filterMoviesByYear","decl":{"start":{"line":14,"column":17},"end":{"line":14,"column":35}},"loc":{"start":{"line":14,"column":50},"end":{"line":21,"column":1}},"line":14},"3":{"name":"(anonymous_3)","decl":{"start":{"line":19,"column":4},"end":{"line":19,"column":5}},"loc":{"start":{"line":19,"column":15},"end":{"line":19,"column":76}},"line":19}},"branchMap":{"0":{"loc":{"start":{"line":4,"column":4},"end":{"line":8,"column":5}},"type":"if","locations":[{"start":{"line":4,"column":4},"end":{"line":8,"column":5}},{"start":{"line":6,"column":11},"end":{"line":8,"column":5}}],"line":4},"1":{"loc":{"start":{"line":15,"column":2},"end":{"line":17,"column":3}},"type":"if","locations":[{"start":{"line":15,"column":2},"end":{"line":17,"column":3}},{"start":{},"end":{}}],"line":15}},"s":{"0":2,"1":117,"2":58,"3":59,"4":2,"5":1,"6":1,"7":20},"f":{"0":2,"1":117,"2":2,"3":20},"b":{"0":[58,59],"1":[1,1]},"_coverageSchema":"1a1c01bbd47fc00a2c39e90264f33305004495a9","hash":"9100ee7c5a9a360a9633b54c8f78a34627dd87f6"}
,"C:\\Users\\dinah\\OneDrive\\Desktop\\movie-challenge\\src\\view.js": {"path":"C:\\Users\\dinah\\OneDrive\\Desktop\\movie-challenge\\src\\view.js","statementMap":{"0":{"start":{"line":3,"column":19},"end":{"line":3,"column":47}},"1":{"start":{"line":4,"column":2},"end":{"line":4,"column":39}},"2":{"start":{"line":5,"column":2},"end":{"line":5,"column":38}},"3":{"start":{"line":7,"column":2},"end":{"line":11,"column":4}},"4":{"start":{"line":14,"column":2},"end":{"line":16,"column":5}},"5":{"start":{"line":15,"column":4},"end":{"line":15,"column":29}},"6":{"start":{"line":18,"column":2},"end":{"line":18,"column":18}},"7":{"start":{"line":23,"column":2},"end":{"line":23,"column":27}},"8":{"start":{"line":25,"column":2},"end":{"line":28,"column":5}},"9":{"start":{"line":26,"column":22},"end":{"line":26,"column":44}},"10":{"start":{"line":27,"column":4},"end":{"line":27,"column":37}},"11":{"start":{"line":34,"column":24},"end":{"line":34,"column":56}},"12":{"start":{"line":35,"column":2},"end":{"line":37,"column":3}},"13":{"start":{"line":36,"column":4},"end":{"line":36,"column":27}},"14":{"start":{"line":39,"column":16},"end":{"line":39,"column":45}},"15":{"start":{"line":40,"column":2},"end":{"line":40,"column":28}},"16":{"start":{"line":41,"column":2},"end":{"line":51,"column":4}},"17":{"start":{"line":52,"column":2},"end":{"line":52,"column":35}},"18":{"start":{"line":55,"column":2},"end":{"line":57,"column":5}},"19":{"start":{"line":56,"column":4},"end":{"line":56,"column":37}},"20":{"start":{"line":59,"column":2},"end":{"line":59,"column":32}}},"fnMap":{"0":{"name":"createMovieItem","decl":{"start":{"line":2,"column":16},"end":{"line":2,"column":31}},"loc":{"start":{"line":2,"column":39},"end":{"line":19,"column":1}},"line":2},"1":{"name":"(anonymous_1)","decl":{"start":{"line":14,"column":37},"end":{"line":14,"column":38}},"loc":{"start":{"line":14,"column":43},"end":{"line":16,"column":3}},"line":14},"2":{"name":"renderMovieList","decl":{"start":{"line":22,"column":16},"end":{"line":22,"column":31}},"loc":{"start":{"line":22,"column":51},"end":{"line":29,"column":1}},"line":22},"3":{"name":"(anonymous_3)","decl":{"start":{"line":25,"column":17},"end":{"line":25,"column":18}},"loc":{"start":{"line":25,"column":26},"end":{"line":28,"column":3}},"line":25},"4":{"name":"renderMovieDetail","decl":{"start":{"line":32,"column":16},"end":{"line":32,"column":33}},"loc":{"start":{"line":32,"column":41},"end":{"line":60,"column":1}},"line":32},"5":{"name":"(anonymous_5)","decl":{"start":{"line":55,"column":68},"end":{"line":55,"column":69}},"loc":{"start":{"line":55,"column":74},"end":{"line":57,"column":3}},"line":55}},"branchMap":{"0":{"loc":{"start":{"line":35,"column":2},"end":{"line":37,"column":3}},"type":"if","locations":[{"start":{"line":35,"column":2},"end":{"line":37,"column":3}},{"start":{},"end":{}}],"line":35}},"s":{"0":21,"1":21,"2":21,"3":21,"4":21,"5":0,"6":21,"7":1,"8":1,"9":20,"10":20,"11":2,"12":2,"13":1,"14":2,"15":2,"16":2,"17":2,"18":2,"19":1,"20":2},"f":{"0":21,"1":0,"2":1,"3":20,"4":2,"5":1},"b":{"0":[1,1]},"_coverageSchema":"1a1c01bbd47fc00a2c39e90264f33305004495a9","hash":"938156828349e3c79fa87467a37c2a0166fcc74e"}
,"C:\\Users\\dinah\\OneDrive\\Desktop\\movie-challenge\\src\\data\\dataset.js": {"path":"C:\\Users\\dinah\\OneDrive\\Desktop\\movie-challenge\\src\\data\\dataset.js","statementMap":{},"fnMap":{},"branchMap":{},"s":{},"f":{},"b":{},"_coverageSchema":"1a1c01bbd47fc00a2c39e90264f33305004495a9","hash":"74d60482de55cdc3ab19d9f6a3fc9faca990ad3a"}
}
