TN:
SF:src\functions.js
FN:2,sortMovies
FN:3,(anonymous_1)
FN:14,filterMoviesByYear
FN:19,(anonymous_3)
FNF:4
FNH:4
FNDA:2,sortMovies
FNDA:117,(anonymous_1)
FNDA:2,filterMoviesByYear
FNDA:20,(anonymous_3)
DA:3,2
DA:4,117
DA:5,58
DA:7,59
DA:15,2
DA:16,1
DA:18,1
DA:19,20
LF:8
LH:8
BRDA:4,0,0,58
BRDA:4,0,1,59
BRDA:15,1,0,1
BRDA:15,1,1,1
BRF:4
BRH:4
end_of_record
TN:
SF:src\view.js
FN:2,createMovieItem
FN:14,(anonymous_1)
FN:22,renderMovieList
FN:25,(anonymous_3)
FN:32,renderMovieDetail
FN:55,(anonymous_5)
FNF:6
FNH:5
FNDA:21,createMovieItem
FNDA:0,(anonymous_1)
FNDA:1,renderMovieList
FNDA:20,(anonymous_3)
FNDA:2,renderMovieDetail
FNDA:1,(anonymous_5)
DA:3,21
DA:4,21
DA:5,21
DA:7,21
DA:14,21
DA:15,0
DA:18,21
DA:23,1
DA:25,1
DA:26,20
DA:27,20
DA:34,2
DA:35,2
DA:36,1
DA:39,2
DA:40,2
DA:41,2
DA:52,2
DA:55,2
DA:56,1
DA:59,2
LF:21
LH:20
BRDA:35,0,0,1
BRDA:35,0,1,1
BRF:2
BRH:2
end_of_record
TN:
SF:src\data\dataset.js
FNF:0
FNH:0
LF:0
LH:0
BRF:0
BRH:0
end_of_record
