TN:
SF:src\functions.js
FN:2,sortMovies
FN:3,(anonymous_1)
FN:14,filterMoviesByYear
FN:19,(anonymous_3)
FNF:4
FNH:4
FNDA:2,sortMovies
FNDA:12,(anonymous_1)
FNDA:3,filterMoviesByYear
FNDA:8,(anonymous_3)
DA:3,2
DA:4,12
DA:5,6
DA:7,6
DA:15,3
DA:16,1
DA:18,2
DA:19,8
LF:8
LH:8
BRDA:4,0,0,6
BRDA:4,0,1,6
BRDA:15,1,0,1
BRDA:15,1,1,2
BRF:4
BRH:4
end_of_record
TN:
SF:xx\json-schema-traverse\index.js
FN:3,(anonymous_0)
FN:11,(anonymous_1)
FN:12,(anonymous_2)
FN:67,_traverse
FN:91,escapeJsonPtr
FNF:5
FNH:5
FNDA:10,(anonymous_0)
FNDA:3,(anonymous_1)
FNDA:347,(anonymous_2)
FNDA:487,_traverse
FNDA:164,escapeJsonPtr
DA:3,1
DA:5,10
DA:6,1
DA:7,1
DA:10,10
DA:11,10
DA:12,10
DA:14,10
DA:18,1
DA:30,1
DA:37,1
DA:45,1
DA:68,487
DA:69,353
DA:70,353
DA:71,600
DA:72,600
DA:73,83
DA:74,78
DA:75,159
DA:77,517
DA:78,84
DA:79,83
DA:80,164
DA:82,433
DA:83,154
DA:86,353
DA:92,164
LF:28
LH:28
BRDA:5,0,0,1
BRDA:5,0,1,9
BRDA:10,1,0,10
BRDA:10,1,1,2
BRDA:11,2,0,7
BRDA:11,2,1,3
BRDA:11,3,0,3
BRDA:11,3,1,1
BRDA:12,4,0,10
BRDA:12,4,1,8
BRDA:68,5,0,353
BRDA:68,5,1,134
BRDA:68,6,0,487
BRDA:68,6,1,355
BRDA:68,6,2,353
BRDA:72,7,0,83
BRDA:72,7,1,517
BRDA:73,8,0,78
BRDA:73,8,1,5
BRDA:77,9,0,84
BRDA:77,9,1,433
BRDA:78,10,0,83
BRDA:78,10,1,1
BRDA:78,11,0,84
BRDA:78,11,1,84
BRDA:82,12,0,154
BRDA:82,12,1,279
BRDA:82,13,0,433
BRDA:82,13,1,283
BRDA:82,13,2,8
BRF:30
BRH:30
end_of_record
TN:
SF:xx\json-schema-traverse\spec\fixtures\schema.js
FN:48,subschema
FN:106,expectedCalls
FN:117,expectedCallsChild
FNF:3
FNH:3
FNDA:22,subschema
FNDA:6,expectedCalls
FNDA:14,expectedCallsChild
DA:3,1
DA:49,22
DA:58,22
DA:59,22
DA:60,22
DA:64,1
DA:107,6
DA:118,14
LF:8
LH:8
BRF:0
BRH:0
end_of_record
